<?xml version="1.0" encoding="utf-8"?><testsuites><testsuite name="pytest" errors="0" failures="0" skipped="0" tests="1" time="0.547" timestamp="2024-02-27T02:54:20.188459" hostname="fv-az777-982"><testcase classname="tests.storage_flavors.test_Delta" name="test_basepath_is_created_at_init" time="0.001" /></testsuite></testsuites>